# JRE version: Java(TM) SE Runtime Environment 18.9 (11.0.15.1+2) (build 11.0.15.1+2-LTS-10)
# Java VM: Java HotSpot(TM) 64-Bit Server VM 18.9 (11.0.15.1+2-LTS-10, mixed mode, tiered, compressed oops, g1 gc, windows-amd64)
Heap:
 garbage-first heap   total 271360K, used 177804K [0x00000000e0000000, 0x0000000100000000)
  region size 1024K, 20 young (20480K), 9 survivors (9216K)
 Metaspace       used 87295K, capacity 90257K, committed 90396K, reserved 333824K
  class space    used 11196K, capacity 12248K, committed 12364K, reserved 253952K
GC Heap History (10 events):
Event: 123.084 GC heap before
{Heap before GC invocations=18 (full 0):
 garbage-first heap   total 271360K, used 211316K [0x00000000e0000000, 0x0000000100000000)
  region size 1024K, 68 young (69632K), 8 survivors (8192K)
 Metaspace       used 81891K, capacity 84572K, committed 84892K, reserved 327680K
  class space    used 10629K, capacity 11612K, committed 11724K, reserved 253952K
}
Event: 123.102 GC heap after
{Heap after GC invocations=19 (full 0):
 garbage-first heap   total 271360K, used 154420K [0x00000000e0000000, 0x0000000100000000)
  region size 1024K, 3 young (3072K), 3 survivors (3072K)
 Metaspace       used 81891K, capacity 84572K, committed 84892K, reserved 327680K
  class space    used 10629K, capacity 11612K, committed 11724K, reserved 253952K
}
Event: 199.163 GC heap before
{Heap before GC invocations=20 (full 0):
 garbage-first heap   total 271360K, used 220980K [0x00000000e0000000, 0x0000000100000000)
  region size 1024K, 68 young (69632K), 3 survivors (3072K)
 Metaspace       used 85129K, capacity 87976K, committed 88220K, reserved 331776K
  class space    used 10942K, capacity 11938K, committed 11980K, reserved 253952K
}
Event: 199.266 GC heap after
{Heap after GC invocations=21 (full 0):
 garbage-first heap   total 271360K, used 156375K [0x00000000e0000000, 0x0000000100000000)
  region size 1024K, 5 young (5120K), 5 survivors (5120K)
 Metaspace       used 85129K, capacity 87976K, committed 88220K, reserved 331776K
  class space    used 10942K, capacity 11938K, committed 11980K, reserved 253952K
}
Event: 201.176 GC heap before
{Heap before GC invocations=21 (full 0):
 garbage-first heap   total 271360K, used 221911K [0x00000000e0000000, 0x0000000100000000)
  region size 1024K, 70 young (71680K), 5 survivors (5120K)
 Metaspace       used 85586K, capacity 88486K, committed 88604K, reserved 331776K
  class space    used 10979K, capacity 11998K, committed 12108K, reserved 253952K
}
Event: 201.229 GC heap after
{Heap after GC invocations=22 (full 0):
 garbage-first heap   total 271360K, used 159927K [0x00000000e0000000, 0x0000000100000000)
  region size 1024K, 9 young (9216K), 9 survivors (9216K)
 Metaspace       used 85586K, capacity 88486K, committed 88604K, reserved 331776K
  class space    used 10979K, capacity 11998K, committed 12108K, reserved 253952K
}
Event: 203.969 GC heap before
{Heap before GC invocations=23 (full 0):
 garbage-first heap   total 271360K, used 225463K [0x00000000e0000000, 0x0000000100000000)
  region size 1024K, 73 young (74752K), 9 survivors (9216K)
 Metaspace       used 86132K, capacity 88988K, committed 89116K, reserved 331776K
  class space    used 11041K, capacity 12058K, committed 12108K, reserved 253952K
}
Event: 204.008 GC heap after
{Heap after GC invocations=24 (full 0):
 garbage-first heap   total 271360K, used 158650K [0x00000000e0000000, 0x0000000100000000)
  region size 1024K, 3 young (3072K), 3 survivors (3072K)
 Metaspace       used 86132K, capacity 88988K, committed 89116K, reserved 331776K
  class space    used 11041K, capacity 12058K, committed 12108K, reserved 253952K
}
Event: 204.743 GC heap before
{Heap before GC invocations=24 (full 0):
 garbage-first heap   total 271360K, used 226234K [0x00000000e0000000, 0x0000000100000000)
  region size 1024K, 70 young (71680K), 3 survivors (3072K)
 Metaspace       used 87269K, capacity 90264K, committed 90396K, reserved 333824K
  class space    used 11197K, capacity 12251K, committed 12364K, reserved 253952K
}
Event: 204.781 GC heap after
{Heap after GC invocations=25 (full 0):
 garbage-first heap   total 271360K, used 167564K [0x00000000e0000000, 0x0000000100000000)
  region size 1024K, 9 young (9216K), 9 survivors (9216K)
 Metaspace       used 87269K, capacity 90264K, committed 90396K, reserved 333824K
  class space    used 11197K, capacity 12251K, committed 12364K, reserved 253952K
}

