# JRE version: Java(TM) SE Runtime Environment 18.9 (11.0.15.1+2) (build 11.0.15.1+2-LTS-10)
# Java VM: Java HotSpot(TM) 64-Bit Server VM 18.9 (11.0.15.1+2-LTS-10, mixed mode, tiered, compressed oops, g1 gc, windows-amd64)
Heap:
 garbage-first heap   total 61440K, used 12535K [0x00000000c4c00000, 0x0000000100000000)
  region size 1024K, 3 young (3072K), 3 survivors (3072K)
 Metaspace       used 26190K, capacity 26996K, committed 27056K, reserved 1091584K
  class space    used 3209K, capacity 3529K, committed 3584K, reserved 1048576K
GC Heap History (10 events):
Event: 1.964 GC heap before
{Heap before GC invocations=2 (full 0):
 garbage-first heap   total 61440K, used 34862K [0x00000000c4c00000, 0x0000000100000000)
  region size 1024K, 28 young (28672K), 2 survivors (2048K)
 Metaspace       used 20368K, capacity 20991K, committed 21120K, reserved 1067008K
  class space    used 2363K, capacity 2603K, committed 2688K, reserved 1048576K
}
Event: 1.968 GC heap after
{Heap after GC invocations=3 (full 0):
 garbage-first heap   total 61440K, used 9055K [0x00000000c4c00000, 0x0000000100000000)
  region size 1024K, 3 young (3072K), 3 survivors (3072K)
 Metaspace       used 20368K, capacity 20991K, committed 21120K, reserved 1067008K
  class space    used 2363K, capacity 2603K, committed 2688K, reserved 1048576K
}
Event: 2.014 GC heap before
{Heap before GC invocations=3 (full 0):
 garbage-first heap   total 61440K, used 12127K [0x00000000c4c00000, 0x0000000100000000)
  region size 1024K, 7 young (7168K), 3 survivors (3072K)
 Metaspace       used 20590K, capacity 21124K, committed 21296K, reserved 1069056K
  class space    used 2390K, capacity 2606K, committed 2688K, reserved 1048576K
}
Event: 2.018 GC heap after
{Heap after GC invocations=4 (full 0):
 garbage-first heap   total 61440K, used 9368K [0x00000000c4c00000, 0x0000000100000000)
  region size 1024K, 2 young (2048K), 2 survivors (2048K)
 Metaspace       used 20590K, capacity 21124K, committed 21296K, reserved 1069056K
  class space    used 2390K, capacity 2606K, committed 2688K, reserved 1048576K
}
Event: 2.443 GC heap before
{Heap before GC invocations=5 (full 0):
 garbage-first heap   total 61440K, used 38040K [0x00000000c4c00000, 0x0000000100000000)
  region size 1024K, 30 young (30720K), 2 survivors (2048K)
 Metaspace       used 21985K, capacity 22680K, committed 22832K, reserved 1069056K
  class space    used 2602K, capacity 2892K, committed 2944K, reserved 1048576K
}
Event: 2.447 GC heap after
{Heap after GC invocations=6 (full 0):
 garbage-first heap   total 61440K, used 10753K [0x00000000c4c00000, 0x0000000100000000)
  region size 1024K, 3 young (3072K), 3 survivors (3072K)
 Metaspace       used 21985K, capacity 22680K, committed 22832K, reserved 1069056K
  class space    used 2602K, capacity 2892K, committed 2944K, reserved 1048576K
}
Event: 2.978 GC heap before
{Heap before GC invocations=6 (full 0):
 garbage-first heap   total 61440K, used 41473K [0x00000000c4c00000, 0x0000000100000000)
  region size 1024K, 33 young (33792K), 3 survivors (3072K)
 Metaspace       used 24965K, capacity 25703K, committed 25904K, reserved 1075200K
  class space    used 3048K, capacity 3343K, committed 3456K, reserved 1048576K
}
Event: 2.987 GC heap after
{Heap after GC invocations=7 (full 0):
 garbage-first heap   total 61440K, used 11939K [0x00000000c4c00000, 0x0000000100000000)
  region size 1024K, 3 young (3072K), 3 survivors (3072K)
 Metaspace       used 24965K, capacity 25703K, committed 25904K, reserved 1075200K
  class space    used 3048K, capacity 3343K, committed 3456K, reserved 1048576K
}
Event: 3.142 GC heap before
{Heap before GC invocations=7 (full 0):
 garbage-first heap   total 61440K, used 21155K [0x00000000c4c00000, 0x0000000100000000)
  region size 1024K, 13 young (13312K), 3 survivors (3072K)
 Metaspace       used 26190K, capacity 26996K, committed 27056K, reserved 1089536K
  class space    used 3209K, capacity 3529K, committed 3584K, reserved 1048576K
}
Event: 3.149 GC heap after
{Heap after GC invocations=8 (full 0):
 garbage-first heap   total 61440K, used 12535K [0x00000000c4c00000, 0x0000000100000000)
  region size 1024K, 3 young (3072K), 3 survivors (3072K)
 Metaspace       used 26190K, capacity 26996K, committed 27056K, reserved 1089536K
  class space    used 3209K, capacity 3529K, committed 3584K, reserved 1048576K
}

